[2026-03-27 11:01:34,633] WARNING [diagnosis_engine.bert_engine:97] HF API returned 400: {"error":"No mask_token ([MASK]) found on the input"}
[2026-03-27 11:01:40,941] WARNING [diagnosis_engine.bert_engine:97] HF API returned 400: {"error":"No mask_token ([MASK]) found on the input"}
[2026-03-27 11:02:00,495] WARNING [diagnosis_engine.bert_engine:97] HF API returned 400: {"error":"No mask_token ([MASK]) found on the input"}
[2026-03-27 11:02:02,832] WARNING [diagnosis_engine.bert_engine:97] HF API returned 400: {"error":"No mask_token ([MASK]) found on the input"}
[2026-03-27 11:02:19,125] WARNING [diagnosis_engine.bert_engine:97] HF API returned 400: {"error":"No mask_token ([MASK]) found on the input"}
[2026-03-27 11:02:21,471] WARNING [diagnosis_engine.bert_engine:97] HF API returned 400: {"error":"No mask_token ([MASK]) found on the input"}
[2026-03-27 11:02:37,104] WARNING [diagnosis_engine.bert_engine:97] HF API returned 400: {"error":"No mask_token ([MASK]) found on the input"}
[2026-03-27 11:02:39,867] WARNING [diagnosis_engine.bert_engine:97] HF API returned 400: {"error":"No mask_token ([MASK]) found on the input"}
[2026-03-27 11:02:56,919] WARNING [diagnosis_engine.bert_engine:97] HF API returned 400: {"error":"No mask_token ([MASK]) found on the input"}
[2026-03-27 11:02:59,833] WARNING [diagnosis_engine.bert_engine:97] HF API returned 400: {"error":"No mask_token ([MASK]) found on the input"}
[2026-03-27 11:03:19,428] WARNING [diagnosis_engine.bert_engine:97] HF API returned 400: {"error":"No mask_token ([MASK]) found on the input"}
[2026-03-27 11:03:21,783] WARNING [diagnosis_engine.bert_engine:97] HF API returned 400: {"error":"No mask_token ([MASK]) found on the input"}
[2026-03-27 11:03:41,420] WARNING [diagnosis_engine.bert_engine:97] HF API returned 400: {"error":"No mask_token ([MASK]) found on the input"}
[2026-03-27 11:03:44,009] WARNING [diagnosis_engine.bert_engine:97] HF API returned 400: {"error":"No mask_token ([MASK]) found on the input"}
[2026-03-27 11:04:04,484] WARNING [diagnosis_engine.bert_engine:97] HF API returned 400: {"error":"No mask_token ([MASK]) found on the input"}
[2026-03-27 11:04:07,148] WARNING [diagnosis_engine.bert_engine:97] HF API returned 400: {"error":"No mask_token ([MASK]) found on the input"}
[2026-03-27 11:04:24,658] WARNING [diagnosis_engine.bert_engine:97] HF API returned 400: {"error":"No mask_token ([MASK]) found on the input"}
[2026-03-27 11:04:27,162] WARNING [diagnosis_engine.bert_engine:97] HF API returned 400: {"error":"No mask_token ([MASK]) found on the input"}
[2026-03-27 11:04:45,651] WARNING [diagnosis_engine.bert_engine:97] HF API returned 400: {"error":"No mask_token ([MASK]) found on the input"}
[2026-03-27 11:04:48,316] WARNING [diagnosis_engine.bert_engine:97] HF API returned 400: {"error":"No mask_token ([MASK]) found on the input"}
[2026-03-27 11:05:06,650] WARNING [diagnosis_engine.bert_engine:97] HF API returned 400: {"error":"No mask_token ([MASK]) found on the input"}
[2026-03-27 11:05:09,308] WARNING [diagnosis_engine.bert_engine:97] HF API returned 400: {"error":"No mask_token ([MASK]) found on the input"}
[2026-03-27 11:05:28,658] WARNING [diagnosis_engine.bert_engine:97] HF API returned 400: {"error":"No mask_token ([MASK]) found on the input"}
[2026-03-27 11:05:31,118] WARNING [diagnosis_engine.bert_engine:97] HF API returned 400: {"error":"No mask_token ([MASK]) found on the input"}
[2026-03-27 11:05:47,870] WARNING [diagnosis_engine.bert_engine:97] HF API returned 400: {"error":"No mask_token ([MASK]) found on the input"}
[2026-03-27 11:05:50,419] WARNING [diagnosis_engine.bert_engine:97] HF API returned 400: {"error":"No mask_token ([MASK]) found on the input"}
[2026-03-27 11:06:08,413] WARNING [diagnosis_engine.bert_engine:97] HF API returned 400: {"error":"No mask_token ([MASK]) found on the input"}
[2026-03-27 11:06:11,122] WARNING [diagnosis_engine.bert_engine:97] HF API returned 400: {"error":"No mask_token ([MASK]) found on the input"}
[2026-03-27 11:06:27,616] WARNING [diagnosis_engine.bert_engine:97] HF API returned 400: {"error":"No mask_token ([MASK]) found on the input"}
[2026-03-27 11:06:30,256] WARNING [diagnosis_engine.bert_engine:97] HF API returned 400: {"error":"No mask_token ([MASK]) found on the input"}
[2026-03-27 11:06:47,461] WARNING [diagnosis_engine.bert_engine:97] HF API returned 400: {"error":"No mask_token ([MASK]) found on the input"}
[2026-03-27 11:06:49,818] WARNING [diagnosis_engine.bert_engine:97] HF API returned 400: {"error":"No mask_token ([MASK]) found on the input"}
[2026-03-27 11:07:10,026] WARNING [diagnosis_engine.bert_engine:97] HF API returned 400: {"error":"No mask_token ([MASK]) found on the input"}
[2026-03-27 11:07:12,322] WARNING [diagnosis_engine.bert_engine:97] HF API returned 400: {"error":"No mask_token ([MASK]) found on the input"}
[2026-03-27 11:07:32,387] WARNING [diagnosis_engine.bert_engine:97] HF API returned 400: {"error":"No mask_token ([MASK]) found on the input"}
[2026-03-27 11:07:34,009] WARNING [diagnosis_engine.bert_engine:97] HF API returned 400: {"error":"No mask_token ([MASK]) found on the input"}
[2026-03-27 11:07:50,464] WARNING [diagnosis_engine.bert_engine:97] HF API returned 400: {"error":"No mask_token ([MASK]) found on the input"}
[2026-03-27 11:07:52,734] WARNING [diagnosis_engine.bert_engine:97] HF API returned 400: {"error":"No mask_token ([MASK]) found on the input"}
[2026-03-27 11:08:09,426] WARNING [diagnosis_engine.bert_engine:97] HF API returned 400: {"error":"No mask_token ([MASK]) found on the input"}
[2026-03-27 11:08:11,166] WARNING [diagnosis_engine.bert_engine:97] HF API returned 400: {"error":"No mask_token ([MASK]) found on the input"}
[2026-03-27 11:08:29,768] WARNING [diagnosis_engine.bert_engine:97] HF API returned 400: {"error":"No mask_token ([MASK]) found on the input"}
[2026-03-27 11:08:31,441] WARNING [diagnosis_engine.bert_engine:97] HF API returned 400: {"error":"No mask_token ([MASK]) found on the input"}
[2026-03-27 11:08:52,252] WARNING [diagnosis_engine.bert_engine:97] HF API returned 400: {"error":"No mask_token ([MASK]) found on the input"}
[2026-03-27 11:08:54,774] WARNING [diagnosis_engine.bert_engine:97] HF API returned 400: {"error":"No mask_token ([MASK]) found on the input"}
[2026-03-27 11:09:15,168] WARNING [diagnosis_engine.bert_engine:97] HF API returned 400: {"error":"No mask_token ([MASK]) found on the input"}
[2026-03-27 11:09:18,217] WARNING [diagnosis_engine.bert_engine:97] HF API returned 400: {"error":"No mask_token ([MASK]) found on the input"}
[2026-03-27 11:09:36,440] WARNING [diagnosis_engine.bert_engine:97] HF API returned 400: {"error":"No mask_token ([MASK]) found on the input"}
[2026-03-27 11:09:37,926] WARNING [diagnosis_engine.bert_engine:97] HF API returned 400: {"error":"No mask_token ([MASK]) found on the input"}
[2026-03-27 11:09:51,518] WARNING [diagnosis_engine.bert_engine:97] HF API returned 400: {"error":"No mask_token ([MASK]) found on the input"}
[2026-03-27 11:09:52,960] WARNING [diagnosis_engine.bert_engine:97] HF API returned 400: {"error":"No mask_token ([MASK]) found on the input"}
[2026-03-27 11:10:11,414] WARNING [diagnosis_engine.bert_engine:97] HF API returned 400: {"error":"No mask_token ([MASK]) found on the input"}
[2026-03-27 11:10:12,783] WARNING [diagnosis_engine.bert_engine:97] HF API returned 400: {"error":"No mask_token ([MASK]) found on the input"}
[2026-03-27 11:10:30,942] WARNING [diagnosis_engine.bert_engine:97] HF API returned 400: {"error":"No mask_token ([MASK]) found on the input"}
[2026-03-27 11:10:32,317] WARNING [diagnosis_engine.bert_engine:97] HF API returned 400: {"error":"No mask_token ([MASK]) found on the input"}
[2026-03-27 11:10:49,748] WARNING [diagnosis_engine.bert_engine:97] HF API returned 400: {"error":"No mask_token ([MASK]) found on the input"}
[2026-03-27 11:10:51,120] WARNING [diagnosis_engine.bert_engine:97] HF API returned 400: {"error":"No mask_token ([MASK]) found on the input"}
[2026-03-27 11:11:10,467] WARNING [diagnosis_engine.bert_engine:97] HF API returned 400: {"error":"No mask_token ([MASK]) found on the input"}
[2026-03-27 11:11:12,856] WARNING [diagnosis_engine.bert_engine:97] HF API returned 400: {"error":"No mask_token ([MASK]) found on the input"}
[2026-03-27 11:11:37,343] WARNING [diagnosis_engine.bert_engine:97] HF API returned 400: {"error":"No mask_token ([MASK]) found on the input"}
[2026-03-27 11:11:39,037] WARNING [diagnosis_engine.bert_engine:97] HF API returned 400: {"error":"No mask_token ([MASK]) found on the input"}
[2026-03-27 11:25:11,371] WARNING [diagnosis_engine.bert_engine:95] HF API returned 400: {"error":"No mask_token ([MASK]) found on the input"}
[2026-03-27 11:26:59,528] WARNING [diagnosis_engine.bert_engine:95] HF API returned 400: {"error":"No mask_token ([MASK]) found on the input"}
[2026-03-27 11:29:16,125] WARNING [diagnosis_engine.bert_engine:95] HF API returned 400: {"error":"No mask_token ([MASK]) found on the input"}
[2026-03-27 11:38:10,530] WARNING [diagnosis_engine.bert_engine:95] HF API returned 400: {"error":"No mask_token ([MASK]) found on the input"}
[2026-03-28 11:27:48,103] WARNING [diagnosis_engine.bert_engine:95] HF API returned 400: {"error":"No mask_token ([MASK]) found on the input"}
[2026-03-28 11:57:21,359] WARNING [diagnosis_engine.bert_engine:95] HF API returned 400: {"error":"No mask_token ([MASK]) found on the input"}
[2026-03-28 11:57:31,630] WARNING [diagnosis_engine.bert_engine:95] HF API returned 400: {"error":"No mask_token ([MASK]) found on the input"}
[2026-03-28 12:00:12,680] WARNING [diagnosis_engine.bert_engine:95] HF API returned 400: {"error":"No mask_token ([MASK]) found on the input"}
[2026-03-28 12:00:19,488] WARNING [diagnosis_engine.bert_engine:95] HF API returned 400: {"error":"No mask_token ([MASK]) found on the input"}
[2026-03-28 12:54:55,224] WARNING [diagnosis_engine.bert_engine:95] HF API returned 400: {"error":"No mask_token ([MASK]) found on the input"}
[2026-03-28 14:19:15,958] WARNING [diagnosis_engine.bert_engine:95] HF API returned 400: {"error":"No mask_token ([MASK]) found on the input"}
[2026-03-28 14:24:11,950] WARNING [diagnosis_engine.bert_engine:93] HF API returned 400: {"error":"No mask_token ([MASK]) found on the input"}
[2026-03-28 14:28:52,886] WARNING [diagnosis_engine.bert_engine:93] HF API returned 400: {"error":"No mask_token ([MASK]) found on the input"}
[2026-03-28 14:29:01,838] WARNING [diagnosis_engine.bert_engine:93] HF API returned 400: {"error":"No mask_token ([MASK]) found on the input"}
[2026-03-28 14:33:12,360] WARNING [diagnosis_engine.bert_engine:93] HF API returned 400: {"error":"No mask_token ([MASK]) found on the input"}
[2026-03-28 14:35:26,712] ERROR [django.request:249] Internal Server Error: /api/pipeline-status/
Traceback (most recent call last):
  File "C:\Users\SUJAL\AppData\Roaming\Python\Python314\site-packages\django\core\handlers\exception.py", line 55, in inner
    response = get_response(request)
  File "C:\Users\SUJAL\AppData\Roaming\Python\Python314\site-packages\django\core\handlers\base.py", line 198, in _get_response
    response = wrapped_callback(request, *callback_args, **callback_kwargs)
  File "C:\Users\SUJAL\AppData\Roaming\Python\Python314\site-packages\django\views\decorators\csrf.py", line 65, in _view_wrapper
    return view_func(request, *args, **kwargs)
  File "C:\Users\SUJAL\AppData\Roaming\Python\Python314\site-packages\django\views\generic\base.py", line 106, in view
    return self.dispatch(request, *args, **kwargs)
           ~~~~~~~~~~~~~^^^^^^^^^^^^^^^^^^^^^^^^^^
  File "C:\Users\SUJAL\AppData\Roaming\Python\Python314\site-packages\rest_framework\views.py", line 515, in dispatch
    response = self.handle_exception(exc)
  File "C:\Users\SUJAL\AppData\Roaming\Python\Python314\site-packages\rest_framework\views.py", line 475, in handle_exception
    self.raise_uncaught_exception(exc)
    ~~~~~~~~~~~~~~~~~~~~~~~~~~~~~^^^^^
  File "C:\Users\SUJAL\AppData\Roaming\Python\Python314\site-packages\rest_framework\views.py", line 486, in raise_uncaught_exception
    raise exc
  File "C:\Users\SUJAL\AppData\Roaming\Python\Python314\site-packages\rest_framework\views.py", line 512, in dispatch
    response = handler(request, *args, **kwargs)
  File "E:\Assignment\backend\diagnosis_engine\views.py", line 142, in get
    'ner_model': bert.NER_MODEL,
                 ^^^^^^^^^^^^^^
AttributeError: 'BertEngine' object has no attribute 'NER_MODEL'
[2026-03-28 14:35:32,390] ERROR [django.request:249] Internal Server Error: /api/pipeline-status/
Traceback (most recent call last):
  File "C:\Users\SUJAL\AppData\Roaming\Python\Python314\site-packages\django\core\handlers\exception.py", line 55, in inner
    response = get_response(request)
  File "C:\Users\SUJAL\AppData\Roaming\Python\Python314\site-packages\django\core\handlers\base.py", line 198, in _get_response
    response = wrapped_callback(request, *callback_args, **callback_kwargs)
  File "C:\Users\SUJAL\AppData\Roaming\Python\Python314\site-packages\django\views\decorators\csrf.py", line 65, in _view_wrapper
    return view_func(request, *args, **kwargs)
  File "C:\Users\SUJAL\AppData\Roaming\Python\Python314\site-packages\django\views\generic\base.py", line 106, in view
    return self.dispatch(request, *args, **kwargs)
           ~~~~~~~~~~~~~^^^^^^^^^^^^^^^^^^^^^^^^^^
  File "C:\Users\SUJAL\AppData\Roaming\Python\Python314\site-packages\rest_framework\views.py", line 515, in dispatch
    response = self.handle_exception(exc)
  File "C:\Users\SUJAL\AppData\Roaming\Python\Python314\site-packages\rest_framework\views.py", line 475, in handle_exception
    self.raise_uncaught_exception(exc)
    ~~~~~~~~~~~~~~~~~~~~~~~~~~~~~^^^^^
  File "C:\Users\SUJAL\AppData\Roaming\Python\Python314\site-packages\rest_framework\views.py", line 486, in raise_uncaught_exception
    raise exc
  File "C:\Users\SUJAL\AppData\Roaming\Python\Python314\site-packages\rest_framework\views.py", line 512, in dispatch
    response = handler(request, *args, **kwargs)
  File "E:\Assignment\backend\diagnosis_engine\views.py", line 142, in get
    'ner_model': bert.NER_MODEL,
                 ^^^^^^^^^^^^^^
AttributeError: 'BertEngine' object has no attribute 'NER_MODEL'
[2026-03-28 14:35:32,392] ERROR [django.server:249] "GET /api/pipeline-status/ HTTP/1.1" 500 20048
[2026-03-28 14:36:59,916] ERROR [django.request:249] Internal Server Error: /api/pipeline-status/
Traceback (most recent call last):
  File "C:\Users\SUJAL\AppData\Roaming\Python\Python314\site-packages\django\core\handlers\exception.py", line 55, in inner
    response = get_response(request)
  File "C:\Users\SUJAL\AppData\Roaming\Python\Python314\site-packages\django\core\handlers\base.py", line 198, in _get_response
    response = wrapped_callback(request, *callback_args, **callback_kwargs)
  File "C:\Users\SUJAL\AppData\Roaming\Python\Python314\site-packages\django\views\decorators\csrf.py", line 65, in _view_wrapper
    return view_func(request, *args, **kwargs)
  File "C:\Users\SUJAL\AppData\Roaming\Python\Python314\site-packages\django\views\generic\base.py", line 106, in view
    return self.dispatch(request, *args, **kwargs)
           ~~~~~~~~~~~~~^^^^^^^^^^^^^^^^^^^^^^^^^^
  File "C:\Users\SUJAL\AppData\Roaming\Python\Python314\site-packages\rest_framework\views.py", line 515, in dispatch
    response = self.handle_exception(exc)
  File "C:\Users\SUJAL\AppData\Roaming\Python\Python314\site-packages\rest_framework\views.py", line 475, in handle_exception
    self.raise_uncaught_exception(exc)
    ~~~~~~~~~~~~~~~~~~~~~~~~~~~~~^^^^^
  File "C:\Users\SUJAL\AppData\Roaming\Python\Python314\site-packages\rest_framework\views.py", line 486, in raise_uncaught_exception
    raise exc
  File "C:\Users\SUJAL\AppData\Roaming\Python\Python314\site-packages\rest_framework\views.py", line 512, in dispatch
    response = handler(request, *args, **kwargs)
  File "E:\Assignment\backend\diagnosis_engine\views.py", line 142, in get
    'ner_model': bert.NER_MODEL,
                 ^^^^^^^^^^^^^^
AttributeError: 'BertEngine' object has no attribute 'NER_MODEL'
[2026-03-28 14:36:59,923] ERROR [django.server:249] "GET /api/pipeline-status/ HTTP/1.1" 500 20048
[2026-03-28 14:42:42,413] ERROR [django.request:249] Internal Server Error: /api/pipeline-status/
Traceback (most recent call last):
  File "C:\Users\SUJAL\AppData\Roaming\Python\Python314\site-packages\django\core\handlers\exception.py", line 55, in inner
    response = get_response(request)
  File "C:\Users\SUJAL\AppData\Roaming\Python\Python314\site-packages\django\core\handlers\base.py", line 198, in _get_response
    response = wrapped_callback(request, *callback_args, **callback_kwargs)
  File "C:\Users\SUJAL\AppData\Roaming\Python\Python314\site-packages\django\views\decorators\csrf.py", line 65, in _view_wrapper
    return view_func(request, *args, **kwargs)
  File "C:\Users\SUJAL\AppData\Roaming\Python\Python314\site-packages\django\views\generic\base.py", line 106, in view
    return self.dispatch(request, *args, **kwargs)
           ~~~~~~~~~~~~~^^^^^^^^^^^^^^^^^^^^^^^^^^
  File "C:\Users\SUJAL\AppData\Roaming\Python\Python314\site-packages\rest_framework\views.py", line 515, in dispatch
    response = self.handle_exception(exc)
  File "C:\Users\SUJAL\AppData\Roaming\Python\Python314\site-packages\rest_framework\views.py", line 475, in handle_exception
    self.raise_uncaught_exception(exc)
    ~~~~~~~~~~~~~~~~~~~~~~~~~~~~~^^^^^
  File "C:\Users\SUJAL\AppData\Roaming\Python\Python314\site-packages\rest_framework\views.py", line 486, in raise_uncaught_exception
    raise exc
  File "C:\Users\SUJAL\AppData\Roaming\Python\Python314\site-packages\rest_framework\views.py", line 512, in dispatch
    response = handler(request, *args, **kwargs)
  File "E:\Assignment\backend\diagnosis_engine\views.py", line 142, in get
    'ner_model': bert.NER_MODEL,
                 ^^^^^^^^^^^^^^
AttributeError: 'BertEngine' object has no attribute 'NER_MODEL'
[2026-03-28 14:42:42,417] ERROR [django.server:249] "GET /api/pipeline-status/ HTTP/1.1" 500 20086
[2026-03-28 14:43:07,566] ERROR [django.request:249] Internal Server Error: /api/pipeline-status/
Traceback (most recent call last):
  File "C:\Users\SUJAL\AppData\Roaming\Python\Python314\site-packages\django\core\handlers\exception.py", line 55, in inner
    response = get_response(request)
  File "C:\Users\SUJAL\AppData\Roaming\Python\Python314\site-packages\django\core\handlers\base.py", line 198, in _get_response
    response = wrapped_callback(request, *callback_args, **callback_kwargs)
  File "C:\Users\SUJAL\AppData\Roaming\Python\Python314\site-packages\django\views\decorators\csrf.py", line 65, in _view_wrapper
    return view_func(request, *args, **kwargs)
  File "C:\Users\SUJAL\AppData\Roaming\Python\Python314\site-packages\django\views\generic\base.py", line 106, in view
    return self.dispatch(request, *args, **kwargs)
           ~~~~~~~~~~~~~^^^^^^^^^^^^^^^^^^^^^^^^^^
  File "C:\Users\SUJAL\AppData\Roaming\Python\Python314\site-packages\rest_framework\views.py", line 515, in dispatch
    response = self.handle_exception(exc)
  File "C:\Users\SUJAL\AppData\Roaming\Python\Python314\site-packages\rest_framework\views.py", line 475, in handle_exception
    self.raise_uncaught_exception(exc)
    ~~~~~~~~~~~~~~~~~~~~~~~~~~~~~^^^^^
  File "C:\Users\SUJAL\AppData\Roaming\Python\Python314\site-packages\rest_framework\views.py", line 486, in raise_uncaught_exception
    raise exc
  File "C:\Users\SUJAL\AppData\Roaming\Python\Python314\site-packages\rest_framework\views.py", line 512, in dispatch
    response = handler(request, *args, **kwargs)
  File "E:\Assignment\backend\diagnosis_engine\views.py", line 142, in get
    'ner_model': bert.NER_MODEL,
                 ^^^^^^^^^^^^^^
AttributeError: 'BertEngine' object has no attribute 'NER_MODEL'
[2026-03-28 14:43:07,576] ERROR [django.server:249] "GET /api/pipeline-status/ HTTP/1.1" 500 20086
[2026-03-28 14:43:11,500] ERROR [django.request:249] Internal Server Error: /api/pipeline-status/
Traceback (most recent call last):
  File "C:\Users\SUJAL\AppData\Roaming\Python\Python314\site-packages\django\core\handlers\exception.py", line 55, in inner
    response = get_response(request)
  File "C:\Users\SUJAL\AppData\Roaming\Python\Python314\site-packages\django\core\handlers\base.py", line 198, in _get_response
    response = wrapped_callback(request, *callback_args, **callback_kwargs)
  File "C:\Users\SUJAL\AppData\Roaming\Python\Python314\site-packages\django\views\decorators\csrf.py", line 65, in _view_wrapper
    return view_func(request, *args, **kwargs)
  File "C:\Users\SUJAL\AppData\Roaming\Python\Python314\site-packages\django\views\generic\base.py", line 106, in view
    return self.dispatch(request, *args, **kwargs)
           ~~~~~~~~~~~~~^^^^^^^^^^^^^^^^^^^^^^^^^^
  File "C:\Users\SUJAL\AppData\Roaming\Python\Python314\site-packages\rest_framework\views.py", line 515, in dispatch
    response = self.handle_exception(exc)
  File "C:\Users\SUJAL\AppData\Roaming\Python\Python314\site-packages\rest_framework\views.py", line 475, in handle_exception
    self.raise_uncaught_exception(exc)
    ~~~~~~~~~~~~~~~~~~~~~~~~~~~~~^^^^^
  File "C:\Users\SUJAL\AppData\Roaming\Python\Python314\site-packages\rest_framework\views.py", line 486, in raise_uncaught_exception
    raise exc
  File "C:\Users\SUJAL\AppData\Roaming\Python\Python314\site-packages\rest_framework\views.py", line 512, in dispatch
    response = handler(request, *args, **kwargs)
  File "E:\Assignment\backend\diagnosis_engine\views.py", line 142, in get
    'ner_model': bert.NER_MODEL,
                 ^^^^^^^^^^^^^^
AttributeError: 'BertEngine' object has no attribute 'NER_MODEL'
[2026-03-28 14:43:11,506] ERROR [django.server:249] "GET /api/pipeline-status/ HTTP/1.1" 500 20086
[2026-03-28 14:43:45,783] ERROR [django.request:249] Internal Server Error: /api/pipeline-status/
Traceback (most recent call last):
  File "C:\Users\SUJAL\AppData\Roaming\Python\Python314\site-packages\django\core\handlers\exception.py", line 55, in inner
    response = get_response(request)
  File "C:\Users\SUJAL\AppData\Roaming\Python\Python314\site-packages\django\core\handlers\base.py", line 198, in _get_response
    response = wrapped_callback(request, *callback_args, **callback_kwargs)
  File "C:\Users\SUJAL\AppData\Roaming\Python\Python314\site-packages\django\views\decorators\csrf.py", line 65, in _view_wrapper
    return view_func(request, *args, **kwargs)
  File "C:\Users\SUJAL\AppData\Roaming\Python\Python314\site-packages\django\views\generic\base.py", line 106, in view
    return self.dispatch(request, *args, **kwargs)
           ~~~~~~~~~~~~~^^^^^^^^^^^^^^^^^^^^^^^^^^
  File "C:\Users\SUJAL\AppData\Roaming\Python\Python314\site-packages\rest_framework\views.py", line 515, in dispatch
    response = self.handle_exception(exc)
  File "C:\Users\SUJAL\AppData\Roaming\Python\Python314\site-packages\rest_framework\views.py", line 475, in handle_exception
    self.raise_uncaught_exception(exc)
    ~~~~~~~~~~~~~~~~~~~~~~~~~~~~~^^^^^
  File "C:\Users\SUJAL\AppData\Roaming\Python\Python314\site-packages\rest_framework\views.py", line 486, in raise_uncaught_exception
    raise exc
  File "C:\Users\SUJAL\AppData\Roaming\Python\Python314\site-packages\rest_framework\views.py", line 512, in dispatch
    response = handler(request, *args, **kwargs)
  File "E:\Assignment\backend\diagnosis_engine\views.py", line 142, in get
    'ner_model': bert.NER_MODEL,
                 ^^^^^^^^^^^^^^
AttributeError: 'BertEngine' object has no attribute 'NER_MODEL'
[2026-03-28 14:43:45,791] ERROR [django.server:249] "GET /api/pipeline-status/ HTTP/1.1" 500 20086
[2026-03-28 14:44:12,681] ERROR [django.request:249] Internal Server Error: /api/pipeline-status/
Traceback (most recent call last):
  File "C:\Users\SUJAL\AppData\Roaming\Python\Python314\site-packages\django\core\handlers\exception.py", line 55, in inner
    response = get_response(request)
  File "C:\Users\SUJAL\AppData\Roaming\Python\Python314\site-packages\django\core\handlers\base.py", line 198, in _get_response
    response = wrapped_callback(request, *callback_args, **callback_kwargs)
  File "C:\Users\SUJAL\AppData\Roaming\Python\Python314\site-packages\django\views\decorators\csrf.py", line 65, in _view_wrapper
    return view_func(request, *args, **kwargs)
  File "C:\Users\SUJAL\AppData\Roaming\Python\Python314\site-packages\django\views\generic\base.py", line 106, in view
    return self.dispatch(request, *args, **kwargs)
           ~~~~~~~~~~~~~^^^^^^^^^^^^^^^^^^^^^^^^^^
  File "C:\Users\SUJAL\AppData\Roaming\Python\Python314\site-packages\rest_framework\views.py", line 515, in dispatch
    response = self.handle_exception(exc)
  File "C:\Users\SUJAL\AppData\Roaming\Python\Python314\site-packages\rest_framework\views.py", line 475, in handle_exception
    self.raise_uncaught_exception(exc)
    ~~~~~~~~~~~~~~~~~~~~~~~~~~~~~^^^^^
  File "C:\Users\SUJAL\AppData\Roaming\Python\Python314\site-packages\rest_framework\views.py", line 486, in raise_uncaught_exception
    raise exc
  File "C:\Users\SUJAL\AppData\Roaming\Python\Python314\site-packages\rest_framework\views.py", line 512, in dispatch
    response = handler(request, *args, **kwargs)
  File "E:\Assignment\backend\diagnosis_engine\views.py", line 142, in get
    'ner_model': bert.NER_MODEL,
                 ^^^^^^^^^^^^^^
AttributeError: 'BertEngine' object has no attribute 'NER_MODEL'
[2026-03-28 14:44:12,690] ERROR [django.server:249] "GET /api/pipeline-status/ HTTP/1.1" 500 20086
[2026-03-28 14:44:31,480] ERROR [django.request:249] Internal Server Error: /api/pipeline-status/
Traceback (most recent call last):
  File "C:\Users\SUJAL\AppData\Roaming\Python\Python314\site-packages\django\core\handlers\exception.py", line 55, in inner
    response = get_response(request)
  File "C:\Users\SUJAL\AppData\Roaming\Python\Python314\site-packages\django\core\handlers\base.py", line 198, in _get_response
    response = wrapped_callback(request, *callback_args, **callback_kwargs)
  File "C:\Users\SUJAL\AppData\Roaming\Python\Python314\site-packages\django\views\decorators\csrf.py", line 65, in _view_wrapper
    return view_func(request, *args, **kwargs)
  File "C:\Users\SUJAL\AppData\Roaming\Python\Python314\site-packages\django\views\generic\base.py", line 106, in view
    return self.dispatch(request, *args, **kwargs)
           ~~~~~~~~~~~~~^^^^^^^^^^^^^^^^^^^^^^^^^^
  File "C:\Users\SUJAL\AppData\Roaming\Python\Python314\site-packages\rest_framework\views.py", line 515, in dispatch
    response = self.handle_exception(exc)
  File "C:\Users\SUJAL\AppData\Roaming\Python\Python314\site-packages\rest_framework\views.py", line 475, in handle_exception
    self.raise_uncaught_exception(exc)
    ~~~~~~~~~~~~~~~~~~~~~~~~~~~~~^^^^^
  File "C:\Users\SUJAL\AppData\Roaming\Python\Python314\site-packages\rest_framework\views.py", line 486, in raise_uncaught_exception
    raise exc
  File "C:\Users\SUJAL\AppData\Roaming\Python\Python314\site-packages\rest_framework\views.py", line 512, in dispatch
    response = handler(request, *args, **kwargs)
  File "E:\Assignment\backend\diagnosis_engine\views.py", line 142, in get
    'ner_model': bert.NER_MODEL,
                 ^^^^^^^^^^^^^^
AttributeError: 'BertEngine' object has no attribute 'NER_MODEL'
[2026-03-28 14:44:31,488] ERROR [django.server:249] "GET /api/pipeline-status/ HTTP/1.1" 500 20086
[2026-03-28 14:44:32,815] ERROR [django.request:249] Internal Server Error: /api/pipeline-status/
Traceback (most recent call last):
  File "C:\Users\SUJAL\AppData\Roaming\Python\Python314\site-packages\django\core\handlers\exception.py", line 55, in inner
    response = get_response(request)
  File "C:\Users\SUJAL\AppData\Roaming\Python\Python314\site-packages\django\core\handlers\base.py", line 198, in _get_response
    response = wrapped_callback(request, *callback_args, **callback_kwargs)
  File "C:\Users\SUJAL\AppData\Roaming\Python\Python314\site-packages\django\views\decorators\csrf.py", line 65, in _view_wrapper
    return view_func(request, *args, **kwargs)
  File "C:\Users\SUJAL\AppData\Roaming\Python\Python314\site-packages\django\views\generic\base.py", line 106, in view
    return self.dispatch(request, *args, **kwargs)
           ~~~~~~~~~~~~~^^^^^^^^^^^^^^^^^^^^^^^^^^
  File "C:\Users\SUJAL\AppData\Roaming\Python\Python314\site-packages\rest_framework\views.py", line 515, in dispatch
    response = self.handle_exception(exc)
  File "C:\Users\SUJAL\AppData\Roaming\Python\Python314\site-packages\rest_framework\views.py", line 475, in handle_exception
    self.raise_uncaught_exception(exc)
    ~~~~~~~~~~~~~~~~~~~~~~~~~~~~~^^^^^
  File "C:\Users\SUJAL\AppData\Roaming\Python\Python314\site-packages\rest_framework\views.py", line 486, in raise_uncaught_exception
    raise exc
  File "C:\Users\SUJAL\AppData\Roaming\Python\Python314\site-packages\rest_framework\views.py", line 512, in dispatch
    response = handler(request, *args, **kwargs)
  File "E:\Assignment\backend\diagnosis_engine\views.py", line 142, in get
    'ner_model': bert.NER_MODEL,
                 ^^^^^^^^^^^^^^
AttributeError: 'BertEngine' object has no attribute 'NER_MODEL'
[2026-03-28 14:44:32,821] ERROR [django.server:249] "GET /api/pipeline-status/ HTTP/1.1" 500 20086
[2026-03-28 14:44:33,730] ERROR [django.request:249] Internal Server Error: /api/pipeline-status/
Traceback (most recent call last):
  File "C:\Users\SUJAL\AppData\Roaming\Python\Python314\site-packages\django\core\handlers\exception.py", line 55, in inner
    response = get_response(request)
  File "C:\Users\SUJAL\AppData\Roaming\Python\Python314\site-packages\django\core\handlers\base.py", line 198, in _get_response
    response = wrapped_callback(request, *callback_args, **callback_kwargs)
  File "C:\Users\SUJAL\AppData\Roaming\Python\Python314\site-packages\django\views\decorators\csrf.py", line 65, in _view_wrapper
    return view_func(request, *args, **kwargs)
  File "C:\Users\SUJAL\AppData\Roaming\Python\Python314\site-packages\django\views\generic\base.py", line 106, in view
    return self.dispatch(request, *args, **kwargs)
           ~~~~~~~~~~~~~^^^^^^^^^^^^^^^^^^^^^^^^^^
  File "C:\Users\SUJAL\AppData\Roaming\Python\Python314\site-packages\rest_framework\views.py", line 515, in dispatch
    response = self.handle_exception(exc)
  File "C:\Users\SUJAL\AppData\Roaming\Python\Python314\site-packages\rest_framework\views.py", line 475, in handle_exception
    self.raise_uncaught_exception(exc)
    ~~~~~~~~~~~~~~~~~~~~~~~~~~~~~^^^^^
  File "C:\Users\SUJAL\AppData\Roaming\Python\Python314\site-packages\rest_framework\views.py", line 486, in raise_uncaught_exception
    raise exc
  File "C:\Users\SUJAL\AppData\Roaming\Python\Python314\site-packages\rest_framework\views.py", line 512, in dispatch
    response = handler(request, *args, **kwargs)
  File "E:\Assignment\backend\diagnosis_engine\views.py", line 142, in get
    'ner_model': bert.NER_MODEL,
                 ^^^^^^^^^^^^^^
AttributeError: 'BertEngine' object has no attribute 'NER_MODEL'
[2026-03-28 14:44:33,737] ERROR [django.server:249] "GET /api/pipeline-status/ HTTP/1.1" 500 20086
[2026-03-28 14:44:34,438] ERROR [django.request:249] Internal Server Error: /api/pipeline-status/
Traceback (most recent call last):
  File "C:\Users\SUJAL\AppData\Roaming\Python\Python314\site-packages\django\core\handlers\exception.py", line 55, in inner
    response = get_response(request)
  File "C:\Users\SUJAL\AppData\Roaming\Python\Python314\site-packages\django\core\handlers\base.py", line 198, in _get_response
    response = wrapped_callback(request, *callback_args, **callback_kwargs)
  File "C:\Users\SUJAL\AppData\Roaming\Python\Python314\site-packages\django\views\decorators\csrf.py", line 65, in _view_wrapper
    return view_func(request, *args, **kwargs)
  File "C:\Users\SUJAL\AppData\Roaming\Python\Python314\site-packages\django\views\generic\base.py", line 106, in view
    return self.dispatch(request, *args, **kwargs)
           ~~~~~~~~~~~~~^^^^^^^^^^^^^^^^^^^^^^^^^^
  File "C:\Users\SUJAL\AppData\Roaming\Python\Python314\site-packages\rest_framework\views.py", line 515, in dispatch
    response = self.handle_exception(exc)
  File "C:\Users\SUJAL\AppData\Roaming\Python\Python314\site-packages\rest_framework\views.py", line 475, in handle_exception
    self.raise_uncaught_exception(exc)
    ~~~~~~~~~~~~~~~~~~~~~~~~~~~~~^^^^^
  File "C:\Users\SUJAL\AppData\Roaming\Python\Python314\site-packages\rest_framework\views.py", line 486, in raise_uncaught_exception
    raise exc
  File "C:\Users\SUJAL\AppData\Roaming\Python\Python314\site-packages\rest_framework\views.py", line 512, in dispatch
    response = handler(request, *args, **kwargs)
  File "E:\Assignment\backend\diagnosis_engine\views.py", line 142, in get
    'ner_model': bert.NER_MODEL,
                 ^^^^^^^^^^^^^^
AttributeError: 'BertEngine' object has no attribute 'NER_MODEL'
[2026-03-28 14:44:34,454] ERROR [django.server:249] "GET /api/pipeline-status/ HTTP/1.1" 500 20086
[2026-03-28 14:44:35,159] ERROR [django.request:249] Internal Server Error: /api/pipeline-status/
Traceback (most recent call last):
  File "C:\Users\SUJAL\AppData\Roaming\Python\Python314\site-packages\django\core\handlers\exception.py", line 55, in inner
    response = get_response(request)
  File "C:\Users\SUJAL\AppData\Roaming\Python\Python314\site-packages\django\core\handlers\base.py", line 198, in _get_response
    response = wrapped_callback(request, *callback_args, **callback_kwargs)
  File "C:\Users\SUJAL\AppData\Roaming\Python\Python314\site-packages\django\views\decorators\csrf.py", line 65, in _view_wrapper
    return view_func(request, *args, **kwargs)
  File "C:\Users\SUJAL\AppData\Roaming\Python\Python314\site-packages\django\views\generic\base.py", line 106, in view
    return self.dispatch(request, *args, **kwargs)
           ~~~~~~~~~~~~~^^^^^^^^^^^^^^^^^^^^^^^^^^
  File "C:\Users\SUJAL\AppData\Roaming\Python\Python314\site-packages\rest_framework\views.py", line 515, in dispatch
    response = self.handle_exception(exc)
  File "C:\Users\SUJAL\AppData\Roaming\Python\Python314\site-packages\rest_framework\views.py", line 475, in handle_exception
    self.raise_uncaught_exception(exc)
    ~~~~~~~~~~~~~~~~~~~~~~~~~~~~~^^^^^
  File "C:\Users\SUJAL\AppData\Roaming\Python\Python314\site-packages\rest_framework\views.py", line 486, in raise_uncaught_exception
    raise exc
  File "C:\Users\SUJAL\AppData\Roaming\Python\Python314\site-packages\rest_framework\views.py", line 512, in dispatch
    response = handler(request, *args, **kwargs)
  File "E:\Assignment\backend\diagnosis_engine\views.py", line 142, in get
    'ner_model': bert.NER_MODEL,
                 ^^^^^^^^^^^^^^
AttributeError: 'BertEngine' object has no attribute 'NER_MODEL'
[2026-03-28 14:44:35,165] ERROR [django.server:249] "GET /api/pipeline-status/ HTTP/1.1" 500 20086
[2026-03-28 14:45:19,364] ERROR [django.request:249] Internal Server Error: /api/pipeline-status/
Traceback (most recent call last):
  File "C:\Users\SUJAL\AppData\Roaming\Python\Python314\site-packages\django\core\handlers\exception.py", line 55, in inner
    response = get_response(request)
  File "C:\Users\SUJAL\AppData\Roaming\Python\Python314\site-packages\django\core\handlers\base.py", line 198, in _get_response
    response = wrapped_callback(request, *callback_args, **callback_kwargs)
  File "C:\Users\SUJAL\AppData\Roaming\Python\Python314\site-packages\django\views\decorators\csrf.py", line 65, in _view_wrapper
    return view_func(request, *args, **kwargs)
  File "C:\Users\SUJAL\AppData\Roaming\Python\Python314\site-packages\django\views\generic\base.py", line 106, in view
    return self.dispatch(request, *args, **kwargs)
           ~~~~~~~~~~~~~^^^^^^^^^^^^^^^^^^^^^^^^^^
  File "C:\Users\SUJAL\AppData\Roaming\Python\Python314\site-packages\rest_framework\views.py", line 515, in dispatch
    response = self.handle_exception(exc)
  File "C:\Users\SUJAL\AppData\Roaming\Python\Python314\site-packages\rest_framework\views.py", line 475, in handle_exception
    self.raise_uncaught_exception(exc)
    ~~~~~~~~~~~~~~~~~~~~~~~~~~~~~^^^^^
  File "C:\Users\SUJAL\AppData\Roaming\Python\Python314\site-packages\rest_framework\views.py", line 486, in raise_uncaught_exception
    raise exc
  File "C:\Users\SUJAL\AppData\Roaming\Python\Python314\site-packages\rest_framework\views.py", line 512, in dispatch
    response = handler(request, *args, **kwargs)
  File "E:\Assignment\backend\diagnosis_engine\views.py", line 142, in get
    'ner_model': bert.NER_MODEL,
                 ^^^^^^^^^^^^^^
AttributeError: 'BertEngine' object has no attribute 'NER_MODEL'
[2026-03-28 14:45:19,375] ERROR [django.server:249] "GET /api/pipeline-status/ HTTP/1.1" 500 20086
[2026-03-28 14:45:41,008] ERROR [django.request:249] Internal Server Error: /api/pipeline-status/
Traceback (most recent call last):
  File "C:\Users\SUJAL\AppData\Roaming\Python\Python314\site-packages\django\core\handlers\exception.py", line 55, in inner
    response = get_response(request)
  File "C:\Users\SUJAL\AppData\Roaming\Python\Python314\site-packages\django\core\handlers\base.py", line 198, in _get_response
    response = wrapped_callback(request, *callback_args, **callback_kwargs)
  File "C:\Users\SUJAL\AppData\Roaming\Python\Python314\site-packages\django\views\decorators\csrf.py", line 65, in _view_wrapper
    return view_func(request, *args, **kwargs)
  File "C:\Users\SUJAL\AppData\Roaming\Python\Python314\site-packages\django\views\generic\base.py", line 106, in view
    return self.dispatch(request, *args, **kwargs)
           ~~~~~~~~~~~~~^^^^^^^^^^^^^^^^^^^^^^^^^^
  File "C:\Users\SUJAL\AppData\Roaming\Python\Python314\site-packages\rest_framework\views.py", line 515, in dispatch
    response = self.handle_exception(exc)
  File "C:\Users\SUJAL\AppData\Roaming\Python\Python314\site-packages\rest_framework\views.py", line 475, in handle_exception
    self.raise_uncaught_exception(exc)
    ~~~~~~~~~~~~~~~~~~~~~~~~~~~~~^^^^^
  File "C:\Users\SUJAL\AppData\Roaming\Python\Python314\site-packages\rest_framework\views.py", line 486, in raise_uncaught_exception
    raise exc
  File "C:\Users\SUJAL\AppData\Roaming\Python\Python314\site-packages\rest_framework\views.py", line 512, in dispatch
    response = handler(request, *args, **kwargs)
  File "E:\Assignment\backend\diagnosis_engine\views.py", line 142, in get
    'ner_model': bert.NER_MODEL,
                 ^^^^^^^^^^^^^^
AttributeError: 'BertEngine' object has no attribute 'NER_MODEL'
[2026-03-28 14:45:41,012] ERROR [django.server:249] "GET /api/pipeline-status/ HTTP/1.1" 500 20086
[2026-03-28 14:46:22,119] ERROR [django.request:249] Internal Server Error: /api/pipeline-status/
Traceback (most recent call last):
  File "C:\Users\SUJAL\AppData\Roaming\Python\Python314\site-packages\django\core\handlers\exception.py", line 55, in inner
    response = get_response(request)
  File "C:\Users\SUJAL\AppData\Roaming\Python\Python314\site-packages\django\core\handlers\base.py", line 198, in _get_response
    response = wrapped_callback(request, *callback_args, **callback_kwargs)
  File "C:\Users\SUJAL\AppData\Roaming\Python\Python314\site-packages\django\views\decorators\csrf.py", line 65, in _view_wrapper
    return view_func(request, *args, **kwargs)
  File "C:\Users\SUJAL\AppData\Roaming\Python\Python314\site-packages\django\views\generic\base.py", line 106, in view
    return self.dispatch(request, *args, **kwargs)
           ~~~~~~~~~~~~~^^^^^^^^^^^^^^^^^^^^^^^^^^
  File "C:\Users\SUJAL\AppData\Roaming\Python\Python314\site-packages\rest_framework\views.py", line 515, in dispatch
    response = self.handle_exception(exc)
  File "C:\Users\SUJAL\AppData\Roaming\Python\Python314\site-packages\rest_framework\views.py", line 475, in handle_exception
    self.raise_uncaught_exception(exc)
    ~~~~~~~~~~~~~~~~~~~~~~~~~~~~~^^^^^
  File "C:\Users\SUJAL\AppData\Roaming\Python\Python314\site-packages\rest_framework\views.py", line 486, in raise_uncaught_exception
    raise exc
  File "C:\Users\SUJAL\AppData\Roaming\Python\Python314\site-packages\rest_framework\views.py", line 512, in dispatch
    response = handler(request, *args, **kwargs)
  File "E:\Assignment\backend\diagnosis_engine\views.py", line 142, in get
    'ner_model': bert.NER_MODEL,
                 ^^^^^^^^^^^^^^
AttributeError: 'BertEngine' object has no attribute 'NER_MODEL'
[2026-03-28 14:46:22,132] ERROR [django.server:249] "GET /api/pipeline-status/ HTTP/1.1" 500 20086
[2026-03-28 14:47:01,398] ERROR [django.request:249] Internal Server Error: /api/pipeline-status/
Traceback (most recent call last):
  File "C:\Users\SUJAL\AppData\Roaming\Python\Python314\site-packages\django\core\handlers\exception.py", line 55, in inner
    response = get_response(request)
  File "C:\Users\SUJAL\AppData\Roaming\Python\Python314\site-packages\django\core\handlers\base.py", line 198, in _get_response
    response = wrapped_callback(request, *callback_args, **callback_kwargs)
  File "C:\Users\SUJAL\AppData\Roaming\Python\Python314\site-packages\django\views\decorators\csrf.py", line 65, in _view_wrapper
    return view_func(request, *args, **kwargs)
  File "C:\Users\SUJAL\AppData\Roaming\Python\Python314\site-packages\django\views\generic\base.py", line 106, in view
    return self.dispatch(request, *args, **kwargs)
           ~~~~~~~~~~~~~^^^^^^^^^^^^^^^^^^^^^^^^^^
  File "C:\Users\SUJAL\AppData\Roaming\Python\Python314\site-packages\rest_framework\views.py", line 515, in dispatch
    response = self.handle_exception(exc)
  File "C:\Users\SUJAL\AppData\Roaming\Python\Python314\site-packages\rest_framework\views.py", line 475, in handle_exception
    self.raise_uncaught_exception(exc)
    ~~~~~~~~~~~~~~~~~~~~~~~~~~~~~^^^^^
  File "C:\Users\SUJAL\AppData\Roaming\Python\Python314\site-packages\rest_framework\views.py", line 486, in raise_uncaught_exception
    raise exc
  File "C:\Users\SUJAL\AppData\Roaming\Python\Python314\site-packages\rest_framework\views.py", line 512, in dispatch
    response = handler(request, *args, **kwargs)
  File "E:\Assignment\backend\diagnosis_engine\views.py", line 142, in get
    'ner_model': bert.NER_MODEL,
                 ^^^^^^^^^^^^^^
AttributeError: 'BertEngine' object has no attribute 'NER_MODEL'
[2026-03-28 14:47:01,406] ERROR [django.server:249] "GET /api/pipeline-status/ HTTP/1.1" 500 20086
[2026-03-28 14:48:35,715] ERROR [django.request:249] Internal Server Error: /api/pipeline-status/
Traceback (most recent call last):
  File "C:\Users\SUJAL\AppData\Roaming\Python\Python314\site-packages\django\core\handlers\exception.py", line 55, in inner
    response = get_response(request)
  File "C:\Users\SUJAL\AppData\Roaming\Python\Python314\site-packages\django\core\handlers\base.py", line 198, in _get_response
    response = wrapped_callback(request, *callback_args, **callback_kwargs)
  File "C:\Users\SUJAL\AppData\Roaming\Python\Python314\site-packages\django\views\decorators\csrf.py", line 65, in _view_wrapper
    return view_func(request, *args, **kwargs)
  File "C:\Users\SUJAL\AppData\Roaming\Python\Python314\site-packages\django\views\generic\base.py", line 106, in view
    return self.dispatch(request, *args, **kwargs)
           ~~~~~~~~~~~~~^^^^^^^^^^^^^^^^^^^^^^^^^^
  File "C:\Users\SUJAL\AppData\Roaming\Python\Python314\site-packages\rest_framework\views.py", line 515, in dispatch
    response = self.handle_exception(exc)
  File "C:\Users\SUJAL\AppData\Roaming\Python\Python314\site-packages\rest_framework\views.py", line 475, in handle_exception
    self.raise_uncaught_exception(exc)
    ~~~~~~~~~~~~~~~~~~~~~~~~~~~~~^^^^^
  File "C:\Users\SUJAL\AppData\Roaming\Python\Python314\site-packages\rest_framework\views.py", line 486, in raise_uncaught_exception
    raise exc
  File "C:\Users\SUJAL\AppData\Roaming\Python\Python314\site-packages\rest_framework\views.py", line 512, in dispatch
    response = handler(request, *args, **kwargs)
  File "E:\Assignment\backend\diagnosis_engine\views.py", line 142, in get
    'ner_model': bert.NER_MODEL,
                 ^^^^^^^^^^^^^^
AttributeError: 'BertEngine' object has no attribute 'NER_MODEL'
[2026-03-28 14:48:35,723] ERROR [django.server:249] "GET /api/pipeline-status/ HTTP/1.1" 500 20086
[2026-03-28 14:49:58,324] ERROR [django.request:249] Internal Server Error: /api/pipeline-status/
Traceback (most recent call last):
  File "C:\Users\SUJAL\AppData\Roaming\Python\Python314\site-packages\django\core\handlers\exception.py", line 55, in inner
    response = get_response(request)
  File "C:\Users\SUJAL\AppData\Roaming\Python\Python314\site-packages\django\core\handlers\base.py", line 198, in _get_response
    response = wrapped_callback(request, *callback_args, **callback_kwargs)
  File "C:\Users\SUJAL\AppData\Roaming\Python\Python314\site-packages\django\views\decorators\csrf.py", line 65, in _view_wrapper
    return view_func(request, *args, **kwargs)
  File "C:\Users\SUJAL\AppData\Roaming\Python\Python314\site-packages\django\views\generic\base.py", line 106, in view
    return self.dispatch(request, *args, **kwargs)
           ~~~~~~~~~~~~~^^^^^^^^^^^^^^^^^^^^^^^^^^
  File "C:\Users\SUJAL\AppData\Roaming\Python\Python314\site-packages\rest_framework\views.py", line 515, in dispatch
    response = self.handle_exception(exc)
  File "C:\Users\SUJAL\AppData\Roaming\Python\Python314\site-packages\rest_framework\views.py", line 475, in handle_exception
    self.raise_uncaught_exception(exc)
    ~~~~~~~~~~~~~~~~~~~~~~~~~~~~~^^^^^
  File "C:\Users\SUJAL\AppData\Roaming\Python\Python314\site-packages\rest_framework\views.py", line 486, in raise_uncaught_exception
    raise exc
  File "C:\Users\SUJAL\AppData\Roaming\Python\Python314\site-packages\rest_framework\views.py", line 512, in dispatch
    response = handler(request, *args, **kwargs)
  File "E:\Assignment\backend\diagnosis_engine\views.py", line 142, in get
    'ner_model': bert.NER_MODEL,
                 ^^^^^^^^^^^^^^
AttributeError: 'BertEngine' object has no attribute 'NER_MODEL'
[2026-03-28 14:49:58,329] ERROR [django.server:249] "GET /api/pipeline-status/ HTTP/1.1" 500 20086
[2026-03-28 14:51:37,942] ERROR [django.request:249] Internal Server Error: /api/pipeline-status/
Traceback (most recent call last):
  File "C:\Users\SUJAL\AppData\Roaming\Python\Python314\site-packages\django\core\handlers\exception.py", line 55, in inner
    response = get_response(request)
  File "C:\Users\SUJAL\AppData\Roaming\Python\Python314\site-packages\django\core\handlers\base.py", line 198, in _get_response
    response = wrapped_callback(request, *callback_args, **callback_kwargs)
  File "C:\Users\SUJAL\AppData\Roaming\Python\Python314\site-packages\django\views\decorators\csrf.py", line 65, in _view_wrapper
    return view_func(request, *args, **kwargs)
  File "C:\Users\SUJAL\AppData\Roaming\Python\Python314\site-packages\django\views\generic\base.py", line 106, in view
    return self.dispatch(request, *args, **kwargs)
           ~~~~~~~~~~~~~^^^^^^^^^^^^^^^^^^^^^^^^^^
  File "C:\Users\SUJAL\AppData\Roaming\Python\Python314\site-packages\rest_framework\views.py", line 515, in dispatch
    response = self.handle_exception(exc)
  File "C:\Users\SUJAL\AppData\Roaming\Python\Python314\site-packages\rest_framework\views.py", line 475, in handle_exception
    self.raise_uncaught_exception(exc)
    ~~~~~~~~~~~~~~~~~~~~~~~~~~~~~^^^^^
  File "C:\Users\SUJAL\AppData\Roaming\Python\Python314\site-packages\rest_framework\views.py", line 486, in raise_uncaught_exception
    raise exc
  File "C:\Users\SUJAL\AppData\Roaming\Python\Python314\site-packages\rest_framework\views.py", line 512, in dispatch
    response = handler(request, *args, **kwargs)
  File "E:\Assignment\backend\diagnosis_engine\views.py", line 142, in get
    'ner_model': bert.NER_MODEL,
                 ^^^^^^^^^^^^^^
AttributeError: 'BertEngine' object has no attribute 'NER_MODEL'
[2026-03-28 14:51:37,950] ERROR [django.server:249] "GET /api/pipeline-status/ HTTP/1.1" 500 20093
[2026-03-28 14:53:04,510] ERROR [django.request:249] Internal Server Error: /api/pipeline-status/
Traceback (most recent call last):
  File "C:\Users\SUJAL\AppData\Roaming\Python\Python314\site-packages\django\core\handlers\exception.py", line 55, in inner
    response = get_response(request)
  File "C:\Users\SUJAL\AppData\Roaming\Python\Python314\site-packages\django\core\handlers\base.py", line 198, in _get_response
    response = wrapped_callback(request, *callback_args, **callback_kwargs)
  File "C:\Users\SUJAL\AppData\Roaming\Python\Python314\site-packages\django\views\decorators\csrf.py", line 65, in _view_wrapper
    return view_func(request, *args, **kwargs)
  File "C:\Users\SUJAL\AppData\Roaming\Python\Python314\site-packages\django\views\generic\base.py", line 106, in view
    return self.dispatch(request, *args, **kwargs)
           ~~~~~~~~~~~~~^^^^^^^^^^^^^^^^^^^^^^^^^^
  File "C:\Users\SUJAL\AppData\Roaming\Python\Python314\site-packages\rest_framework\views.py", line 515, in dispatch
    response = self.handle_exception(exc)
  File "C:\Users\SUJAL\AppData\Roaming\Python\Python314\site-packages\rest_framework\views.py", line 475, in handle_exception
    self.raise_uncaught_exception(exc)
    ~~~~~~~~~~~~~~~~~~~~~~~~~~~~~^^^^^
  File "C:\Users\SUJAL\AppData\Roaming\Python\Python314\site-packages\rest_framework\views.py", line 486, in raise_uncaught_exception
    raise exc
  File "C:\Users\SUJAL\AppData\Roaming\Python\Python314\site-packages\rest_framework\views.py", line 512, in dispatch
    response = handler(request, *args, **kwargs)
  File "E:\Assignment\backend\diagnosis_engine\views.py", line 142, in get
    'ner_model': bert.NER_MODEL,
                 ^^^^^^^^^^^^^^
AttributeError: 'BertEngine' object has no attribute 'NER_MODEL'
[2026-03-28 14:53:04,526] ERROR [django.server:249] "GET /api/pipeline-status/ HTTP/1.1" 500 20093
[2026-03-28 14:54:24,836] ERROR [django.request:249] Internal Server Error: /api/pipeline-status/
Traceback (most recent call last):
  File "C:\Users\SUJAL\AppData\Roaming\Python\Python314\site-packages\django\core\handlers\exception.py", line 55, in inner
    response = get_response(request)
  File "C:\Users\SUJAL\AppData\Roaming\Python\Python314\site-packages\django\core\handlers\base.py", line 198, in _get_response
    response = wrapped_callback(request, *callback_args, **callback_kwargs)
  File "C:\Users\SUJAL\AppData\Roaming\Python\Python314\site-packages\django\views\decorators\csrf.py", line 65, in _view_wrapper
    return view_func(request, *args, **kwargs)
  File "C:\Users\SUJAL\AppData\Roaming\Python\Python314\site-packages\django\views\generic\base.py", line 106, in view
    return self.dispatch(request, *args, **kwargs)
           ~~~~~~~~~~~~~^^^^^^^^^^^^^^^^^^^^^^^^^^
  File "C:\Users\SUJAL\AppData\Roaming\Python\Python314\site-packages\rest_framework\views.py", line 515, in dispatch
    response = self.handle_exception(exc)
  File "C:\Users\SUJAL\AppData\Roaming\Python\Python314\site-packages\rest_framework\views.py", line 475, in handle_exception
    self.raise_uncaught_exception(exc)
    ~~~~~~~~~~~~~~~~~~~~~~~~~~~~~^^^^^
  File "C:\Users\SUJAL\AppData\Roaming\Python\Python314\site-packages\rest_framework\views.py", line 486, in raise_uncaught_exception
    raise exc
  File "C:\Users\SUJAL\AppData\Roaming\Python\Python314\site-packages\rest_framework\views.py", line 512, in dispatch
    response = handler(request, *args, **kwargs)
  File "E:\Assignment\backend\diagnosis_engine\views.py", line 142, in get
    'ner_model': bert.NER_MODEL,
                 ^^^^^^^^^^^^^^
AttributeError: 'BertEngine' object has no attribute 'NER_MODEL'
[2026-03-28 14:54:24,849] ERROR [django.server:249] "GET /api/pipeline-status/ HTTP/1.1" 500 20086
[2026-03-28 14:55:38,651] ERROR [django.request:249] Internal Server Error: /api/pipeline-status/
Traceback (most recent call last):
  File "C:\Users\SUJAL\AppData\Roaming\Python\Python314\site-packages\django\core\handlers\exception.py", line 55, in inner
    response = get_response(request)
  File "C:\Users\SUJAL\AppData\Roaming\Python\Python314\site-packages\django\core\handlers\base.py", line 198, in _get_response
    response = wrapped_callback(request, *callback_args, **callback_kwargs)
  File "C:\Users\SUJAL\AppData\Roaming\Python\Python314\site-packages\django\views\decorators\csrf.py", line 65, in _view_wrapper
    return view_func(request, *args, **kwargs)
  File "C:\Users\SUJAL\AppData\Roaming\Python\Python314\site-packages\django\views\generic\base.py", line 106, in view
    return self.dispatch(request, *args, **kwargs)
           ~~~~~~~~~~~~~^^^^^^^^^^^^^^^^^^^^^^^^^^
  File "C:\Users\SUJAL\AppData\Roaming\Python\Python314\site-packages\rest_framework\views.py", line 515, in dispatch
    response = self.handle_exception(exc)
  File "C:\Users\SUJAL\AppData\Roaming\Python\Python314\site-packages\rest_framework\views.py", line 475, in handle_exception
    self.raise_uncaught_exception(exc)
    ~~~~~~~~~~~~~~~~~~~~~~~~~~~~~^^^^^
  File "C:\Users\SUJAL\AppData\Roaming\Python\Python314\site-packages\rest_framework\views.py", line 486, in raise_uncaught_exception
    raise exc
  File "C:\Users\SUJAL\AppData\Roaming\Python\Python314\site-packages\rest_framework\views.py", line 512, in dispatch
    response = handler(request, *args, **kwargs)
  File "E:\Assignment\backend\diagnosis_engine\views.py", line 142, in get
    'ner_model': bert.NER_MODEL,
                 ^^^^^^^^^^^^^^
AttributeError: 'BertEngine' object has no attribute 'NER_MODEL'
[2026-03-28 14:55:38,653] ERROR [django.server:249] "GET /api/pipeline-status/ HTTP/1.1" 500 97778
